Ready for changes
Serving "../" at http://127.0.0.1:8080
[0mGET /favicon.ico [33m404 [0m4.042 ms - 24[0m
[0mGET /ProgressBG-Front-End-Dev/pages/themes/beginners/JS_Basic_Syntax/images/for_algorithm.png [33m404 [0m1.535 ms - 101[0m
[0mGET /ProgressBG-Front-End-Dev/pages/themes/beginners/JS_Basic_Syntax/images/while_algorithm.png [33m404 [0m2.676 ms - 103[0m
[0mGET /ProgressBG-Front-End-Dev/pages/themes/beginners/JS_Basic_Syntax/images/for_algorithm.png [33m404 [0m3.727 ms - 101[0m
[0mGET /ProgressBG-Front-End-Dev/pages/themes/beginners/JS_Basic_Syntax/images/while_algorithm.png [33m404 [0m5.290 ms - 103[0m
[0mGET /favicon.ico [33m404 [0m1.010 ms - 24[0m
[0mGET /ProgressBG-Front-End-Dev/pages/themes/beginners/JS_Basic_Syntax/images/for_algorithm.png [33m404 [0m1.474 ms - 101[0m
[0mGET /ProgressBG-Front-End-Dev/pages/themes/beginners/JS_Basic_Syntax/images/while_algorithm.png [33m404 [0m1.846 ms - 103[0m
[0mGET /favicon.ico [33m404 [0m1.057 ms - 24[0m
[0mGET /ProgressBG-Front-End-Dev/pages/themes/beginners/JS_Basic_Syntax/images/for_algorithm.png [33m404 [0m3.748 ms - 101[0m
[0mGET /ProgressBG-Front-End-Dev/pages/themes/beginners/JS_Basic_Syntax/images/while_algorithm.png [33m404 [0m1.768 ms - 103[0m
[0mGET /favicon.ico [33m404 [0m0.740 ms - 24[0m
[0mGET /ProgressBG-Front-End-Dev/pages/themes/beginners/JS_Basic_Syntax/images/for_algorithm.png [33m404 [0m3.100 ms - 101[0m
[0mGET /ProgressBG-Front-End-Dev/pages/themes/beginners/JS_Basic_Syntax/images/while_algorithm.png [33m404 [0m0.995 ms - 103[0m
[0mGET /favicon.ico [33m404 [0m0.827 ms - 24[0m
[0mGET /favicon.ico [33m404 [0m1.460 ms - 24[0m
[0mGET /favicon.ico [33m404 [0m1.326 ms - 24[0m
[0mGET /favicon.ico [33m404 [0m0.981 ms - 24[0m
[0mGET /favicon.ico [33m404 [0m0.742 ms - 24[0m
[0mGET /ProgressBG-Front-End-Dev/pages/themes/beginners/JS_BasicSyntax_1/images/for_algorithm.png [33m404 [0m0.922 ms - 102[0m
[0mGET /ProgressBG-Front-End-Dev/pages/themes/beginners/JS_BasicSyntax_1/images/while_algorithm.png [33m404 [0m1.726 ms - 104[0m
[0mGET /ProgressBG-Front-End-Dev/pages/themes/beginners/JS_BasicSyntax_1/images/for_algorithm.png [33m404 [0m2.636 ms - 102[0m
[0mGET /ProgressBG-Front-End-Dev/pages/themes/beginners/JS_BasicSyntax_1/images/while_algorithm.png [33m404 [0m0.942 ms - 104[0m
[0mGET /favicon.ico [33m404 [0m0.731 ms - 24[0m
[0mGET /favicon.ico [33m404 [0m0.871 ms - 24[0m
[0mGET /favicon.ico [33m404 [0m0.972 ms - 24[0m
[0mGET /favicon.ico [33m404 [0m1.706 ms - 24[0m
[0mGET /ProgressBG-Front-End-Dev/pages/themes/beginners/JS_BasicSyntax_1/images/for_algorithm.png [33m404 [0m2.883 ms - 102[0m
[0mGET /ProgressBG-Front-End-Dev/pages/themes/beginners/JS_BasicSyntax_1/images/while_algorithm.png [33m404 [0m3.000 ms - 104[0m
[0mGET /favicon.ico [33m404 [0m0.748 ms - 24[0m
[0mGET /ProgressBG-Front-End-Dev/pages/themes/beginners/JS_BasicSyntax_1/images/for_algorithm.png [33m404 [0m1.046 ms - 102[0m
[0mGET /ProgressBG-Front-End-Dev/pages/themes/beginners/JS_BasicSyntax_1/images/while_algorithm.png [33m404 [0m0.776 ms - 104[0m
[0mGET /ProgressBG-Front-End-Dev/pages/themes/beginners/JS_BasicSyntax_1/images/for_algorithm.png [33m404 [0m0.751 ms - 102[0m
[0mGET /ProgressBG-Front-End-Dev/pages/themes/beginners/JS_BasicSyntax_1/images/while_algorithm.png [33m404 [0m0.670 ms - 104[0m
[0mGET /ProgressBG-Front-End-Dev/pages/themes/beginners/JS_BasicSyntax_1/images/for_algorithm.png [33m404 [0m1.155 ms - 102[0m
[0mGET /ProgressBG-Front-End-Dev/pages/themes/beginners/JS_BasicSyntax_1/images/while_algorithm.png [33m404 [0m1.202 ms - 104[0m
[0mGET /ProgressBG-Front-End-Dev/pages/themes/beginners/JS_BasicSyntax_1/images/for_algorithm.png [33m404 [0m1.452 ms - 102[0m
[0mGET /ProgressBG-Front-End-Dev/pages/themes/beginners/JS_BasicSyntax_1/images/while_algorithm.png [33m404 [0m1.048 ms - 104[0m
[0mGET /ProgressBG-Front-End-Dev/pages/themes/beginners/JS_BasicSyntax_1/images/for_algorithm.png [33m404 [0m1.423 ms - 102[0m
[0mGET /ProgressBG-Front-End-Dev/pages/themes/beginners/JS_BasicSyntax_1/images/while_algorithm.png [33m404 [0m0.880 ms - 104[0m
[0mGET /ProgressBG-Front-End-Dev/pages/themes/beginners/JS_BasicSyntax_1/images/for_algorithm.png [33m404 [0m4.295 ms - 102[0m
[0mGET /ProgressBG-Front-End-Dev/pages/themes/beginners/JS_BasicSyntax_1/images/while_algorithm.png [33m404 [0m1.211 ms - 104[0m
[0mGET /ProgressBG-Front-End-Dev/pages/themes/beginners/JS_BasicSyntax_1/images/for_algorithm.png [33m404 [0m1.008 ms - 102[0m
[0mGET /ProgressBG-Front-End-Dev/pages/themes/beginners/JS_BasicSyntax_1/images/for_algorithm.png [33m404 [0m0.857 ms - 102[0m
[0mGET /ProgressBG-Front-End-Dev/pages/themes/beginners/JS_BasicSyntax_1/images/while_algorithm.png [33m404 [0m0.926 ms - 104[0m
[0mGET /ProgressBG-Front-End-Dev/pages/themes/beginners/JS_BasicSyntax_1/images/for_algorithm.png [33m404 [0m0.948 ms - 102[0m
[0mGET /ProgressBG-Front-End-Dev/pages/themes/beginners/JS_BasicSyntax_1/images/while_algorithm.png [33m404 [0m0.806 ms - 104[0m
[0mGET /ProgressBG-Front-End-Dev/pages/themes/beginners/JS_BasicSyntax_1/images/for_algorithm.png [33m404 [0m0.878 ms - 102[0m
[0mGET /ProgressBG-Front-End-Dev/pages/themes/beginners/JS_BasicSyntax_1/images/while_algorithm.png [33m404 [0m1.262 ms - 104[0m
[0mGET /ProgressBG-Front-End-Dev/pages/themes/beginners/JS_BasicSyntax_1/images/while_algorithm.png [33m404 [0m1.243 ms - 104[0m
[0mGET /ProgressBG-Front-End-Dev/pages/themes/beginners/JS_BasicSyntax_1/images/for_algorithm.png [33m404 [0m1.912 ms - 102[0m
[0mGET /ProgressBG-Front-End-Dev/pages/themes/beginners/JS_BasicSyntax_1/images/for_algorithm.png [33m404 [0m16.292 ms - 102[0m
[0mGET /ProgressBG-Front-End-Dev/pages/themes/beginners/JS_BasicSyntax_1/images/while_algorithm.png [33m404 [0m0.887 ms - 104[0m
[0mGET /ProgressBG-Front-End-Dev/pages/themes/beginners/JS_BasicSyntax_1/images/for_algorithm.png [33m404 [0m1.303 ms - 102[0m
[0mGET /ProgressBG-Front-End-Dev/pages/themes/beginners/JS_BasicSyntax_1/images/while_algorithm.png [33m404 [0m1.457 ms - 104[0m
[0mGET /ProgressBG-Front-End-Dev/pages/themes/beginners/JS_BasicSyntax_1/images/for_algorithm.png [33m404 [0m0.751 ms - 102[0m
[0mGET /ProgressBG-Front-End-Dev/pages/themes/beginners/JS_BasicSyntax_1/images/while_algorithm.png [33m404 [0m0.775 ms - 104[0m
[0mGET /ProgressBG-Front-End-Dev/pages/themes/beginners/JS_BasicSyntax_1/images/for_algorithm.png [33m404 [0m20.860 ms - 102[0m
[0mGET /ProgressBG-Front-End-Dev/pages/themes/beginners/JS_BasicSyntax_1/images/while_algorithm.png [33m404 [0m20.916 ms - 104[0m
[0mGET /ProgressBG-Front-End-Dev/pages/themes/beginners/JS_BasicSyntax_1/images/for_algorithm.png [33m404 [0m1.132 ms - 102[0m
[0mGET /ProgressBG-Front-End-Dev/pages/themes/beginners/JS_BasicSyntax_1/images/while_algorithm.png [33m404 [0m0.839 ms - 104[0m
[0mGET /ProgressBG-Front-End-Dev/pages/themes/beginners/JS_BasicSyntax_1/images/for_algorithm.png [33m404 [0m0.860 ms - 102[0m
[0mGET /ProgressBG-Front-End-Dev/pages/themes/beginners/JS_BasicSyntax_1/images/while_algorithm.png [33m404 [0m1.759 ms - 104[0m
[0mGET /ProgressBG-Front-End-Dev/pages/themes/beginners/JS_BasicSyntax_1/images/for_algorithm.png [33m404 [0m1.453 ms - 102[0m
[0mGET /ProgressBG-Front-End-Dev/pages/themes/beginners/JS_BasicSyntax_1/images/while_algorithm.png [33m404 [0m1.016 ms - 104[0m
[0mGET /ProgressBG-Front-End-Dev/pages/themes/beginners/JS_BasicSyntax_1/images/for_algorithm.png [33m404 [0m0.975 ms - 102[0m
[0mGET /ProgressBG-Front-End-Dev/pages/themes/beginners/JS_BasicSyntax_1/images/while_algorithm.png [33m404 [0m0.946 ms - 104[0m
[0mGET /ProgressBG-Front-End-Dev/pages/themes/beginners/JS_BasicSyntax_1/images/for_algorithm.png [33m404 [0m0.825 ms - 102[0m
[0mGET /ProgressBG-Front-End-Dev/pages/themes/beginners/JS_BasicSyntax_1/images/while_algorithm.png [33m404 [0m0.816 ms - 104[0m
[0mGET /ProgressBG-Front-End-Dev/pages/themes/beginners/JS_BasicSyntax_1/images/for_algorithm.png [33m404 [0m1.901 ms - 102[0m
[0mGET /ProgressBG-Front-End-Dev/pages/themes/beginners/JS_BasicSyntax_1/images/while_algorithm.png [33m404 [0m1.336 ms - 104[0m
[0mGET /ProgressBG-Front-End-Dev/pages/themes/beginners/JS_BasicSyntax_1/images/for_algorithm.png [33m404 [0m0.913 ms - 102[0m
[0mGET /ProgressBG-Front-End-Dev/pages/themes/beginners/JS_BasicSyntax_1/images/while_algorithm.png [33m404 [0m0.774 ms - 104[0m
[0mGET /ProgressBG-Front-End-Dev/pages/themes/beginners/JS_BasicSyntax_1/slides_examples/for_create_list.html [33m404 [0m0.846 ms - 114[0m
[0mGET /ProgressBG-Front-End-Dev/pages/themes/beginners/JS_BasicSyntax_1/images/for_algorithm.png [33m404 [0m1.432 ms - 102[0m
[0mGET /ProgressBG-Front-End-Dev/pages/themes/beginners/JS_BasicSyntax_1/images/while_algorithm.png [33m404 [0m0.751 ms - 104[0m
[0mGET /ProgressBG-Front-End-Dev/pages/themes/beginners/JS_BasicSyntax_1/images/for_algorithm.png [33m404 [0m1.050 ms - 102[0m
[0mGET /ProgressBG-Front-End-Dev/pages/themes/beginners/JS_BasicSyntax_1/images/while_algorithm.png [33m404 [0m1.076 ms - 104[0m
[0mGET /ProgressBG-Front-End-Dev/pages/themes/beginners/JS_BasicSyntax_1/images/for_algorithm.png [33m404 [0m1.095 ms - 102[0m
[0mGET /ProgressBG-Front-End-Dev/pages/themes/beginners/JS_BasicSyntax_1/images/while_algorithm.png [33m404 [0m4.010 ms - 104[0m
[0mGET /ProgressBG-Front-End-Dev/pages/themes/beginners/JS_BasicSyntax_1/images/for_algorithm.png [33m404 [0m0.920 ms - 102[0m
[0mGET /ProgressBG-Front-End-Dev/pages/themes/beginners/JS_BasicSyntax_1/images/while_algorithm.png [33m404 [0m1.419 ms - 104[0m
[0mGET /ProgressBG-Front-End-Dev/pages/themes/beginners/JS_BasicSyntax_1/images/for_algorithm.png [33m404 [0m1.274 ms - 102[0m
[0mGET /ProgressBG-Front-End-Dev/pages/themes/beginners/JS_BasicSyntax_1/images/while_algorithm.png [33m404 [0m1.005 ms - 104[0m
[0mGET /ProgressBG-Front-End-Dev/pages/themes/beginners/JS_BasicSyntax_1/images/for_algorithm.png [33m404 [0m0.972 ms - 102[0m
[0mGET /ProgressBG-Front-End-Dev/pages/themes/beginners/JS_BasicSyntax_1/images/while_algorithm.png [33m404 [0m0.755 ms - 104[0m
[0mGET /ProgressBG-Front-End-Dev/pages/themes/beginners/JS_BasicSyntax_1/images/for_algorithm.png [33m404 [0m0.764 ms - 102[0m
[0mGET /ProgressBG-Front-End-Dev/pages/themes/beginners/JS_BasicSyntax_1/images/while_algorithm.png [33m404 [0m2.505 ms - 104[0m
[0mGET /ProgressBG-Front-End-Dev/pages/themes/beginners/JS_BasicSyntax_1/images/for_algorithm.png [33m404 [0m0.774 ms - 102[0m
[0mGET /ProgressBG-Front-End-Dev/pages/themes/beginners/JS_BasicSyntax_1/images/for_algorithm.png [33m404 [0m0.980 ms - 102[0m
[0mGET /ProgressBG-Front-End-Dev/pages/themes/beginners/JS_BasicSyntax_1/images/while_algorithm.png [33m404 [0m0.986 ms - 104[0m
[0mGET /ProgressBG-Front-End-Dev/pages/themes/beginners/JS_BasicSyntax_1/images/for_algorithm.png [33m404 [0m0.853 ms - 102[0m
[0mGET /ProgressBG-Front-End-Dev/pages/themes/beginners/JS_BasicSyntax_1/images/while_algorithm.png [33m404 [0m1.504 ms - 104[0m
[0mGET /ProgressBG-Front-End-Dev/pages/themes/beginners/JS_BasicSyntax_1/images/for_algorithm.png [33m404 [0m0.741 ms - 102[0m
[0mGET /ProgressBG-Front-End-Dev/pages/themes/beginners/JS_BasicSyntax_1/images/while_algorithm.png [33m404 [0m0.723 ms - 104[0m
[0mGET /ProgressBG-Front-End-Dev/pages/themes/beginners/JS_BasicSyntax_1/images/for_algorithm.png [33m404 [0m0.800 ms - 102[0m
[0mGET /ProgressBG-Front-End-Dev/pages/themes/beginners/JS_BasicSyntax_1/images/while_algorithm.png [33m404 [0m0.845 ms - 104[0m
[0mGET /ProgressBG-Front-End-Dev/pages/themes/beginners/JS_BasicSyntax_1/images/for_algorithm.png [33m404 [0m0.811 ms - 102[0m
[0mGET /ProgressBG-Front-End-Dev/pages/themes/beginners/JS_BasicSyntax_1/images/for_algorithm.png [33m404 [0m0.875 ms - 102[0m
[0mGET /ProgressBG-Front-End-Dev/pages/themes/beginners/JS_BasicSyntax_1/images/while_algorithm.png [33m404 [0m1.740 ms - 104[0m
[0mGET /ProgressBG-Front-End-Dev/pages/themes/beginners/JS_BasicSyntax_1/images/for_algorithm.png [33m404 [0m0.800 ms - 102[0m
[0mGET /ProgressBG-Front-End-Dev/pages/themes/beginners/JS_BasicSyntax_1/images/for_algorithm.png [33m404 [0m1.279 ms - 102[0m
[0mGET /ProgressBG-Front-End-Dev/pages/themes/beginners/JS_BasicSyntax_1/images/while_algorithm.png [33m404 [0m0.815 ms - 104[0m
[0mGET /ProgressBG-Front-End-Dev/pages/themes/beginners/JS_BasicSyntax_1/images/for_algorithm.png [33m404 [0m1.227 ms - 102[0m
[0mGET /ProgressBG-Front-End-Dev/pages/themes/beginners/JS_BasicSyntax_1/images/while_algorithm.png [33m404 [0m0.860 ms - 104[0m
[0mGET /ProgressBG-Front-End-Dev/pages/themes/beginners/JS_BasicSyntax_1/images/for_algorithm.png [33m404 [0m1.011 ms - 102[0m
[0mGET /ProgressBG-Front-End-Dev/pages/themes/beginners/JS_BasicSyntax_1/images/while_algorithm.png [33m404 [0m0.968 ms - 104[0m
[0mGET /ProgressBG-Front-End-Dev/pages/themes/beginners/JS_BasicSyntax_1/images/for_algorithm.png [33m404 [0m0.702 ms - 102[0m
[0mGET /ProgressBG-Front-End-Dev/pages/themes/beginners/JS_BasicSyntax_1/images/while_algorithm.png [33m404 [0m0.668 ms - 104[0m
[0mGET /ProgressBG-Front-End-Dev/pages/themes/beginners/JS_BasicSyntax_1/images/for_algorithm.png [33m404 [0m0.933 ms - 102[0m
[0mGET /ProgressBG-Front-End-Dev/pages/themes/beginners/JS_BasicSyntax_1/images/for_algorithm.png [33m404 [0m2.406 ms - 102[0m
[0mGET /ProgressBG-Front-End-Dev/pages/themes/beginners/JS_BasicSyntax_1/images/while_algorithm.png [33m404 [0m2.074 ms - 104[0m
[0mGET /ProgressBG-Front-End-Dev/pages/themes/beginners/JS_BasicSyntax_1/images/for_algorithm.png [33m404 [0m0.858 ms - 102[0m
[0mGET /ProgressBG-Front-End-Dev/pages/themes/beginners/JS_BasicSyntax_1/images/while_algorithm.png [33m404 [0m0.886 ms - 104[0m
[0mGET /ProgressBG-Front-End-Dev/pages/themes/beginners/JS_BasicSyntax_1/images/for_algorithm.png [33m404 [0m1.017 ms - 102[0m
[0mGET /ProgressBG-Front-End-Dev/pages/themes/beginners/JS_BasicSyntax_1/images/while_algorithm.png [33m404 [0m3.283 ms - 104[0m
[0mGET /ProgressBG-Front-End-Dev/pages/themes/beginners/JS_BasicSyntax_1/images/for_algorithm.png [33m404 [0m0.761 ms - 102[0m
[0mGET /ProgressBG-Front-End-Dev/pages/themes/beginners/JS_BasicSyntax_1/images/while_algorithm.png [33m404 [0m0.779 ms - 104[0m
[0mGET /ProgressBG-Front-End-Dev/pages/themes/beginners/JS_BasicSyntax_1/images/for_algorithm.png [33m404 [0m5.105 ms - 102[0m
[0mGET /ProgressBG-Front-End-Dev/pages/themes/beginners/JS_BasicSyntax_1/images/while_algorithm.png [33m404 [0m2.454 ms - 104[0m
[0mGET /ProgressBG-Front-End-Dev/pages/themes/beginners/JS_BasicSyntax_1/images/for_algorithm.png [33m404 [0m1.238 ms - 102[0m
[0mGET /ProgressBG-Front-End-Dev/pages/themes/beginners/JS_BasicSyntax_1/images/while_algorithm.png [33m404 [0m0.902 ms - 104[0m
[0mGET /ProgressBG-Front-End-Dev/pages/themes/beginners/JS_BasicSyntax_1/images/for_algorithm.png [33m404 [0m0.665 ms - 102[0m
[0mGET /ProgressBG-Front-End-Dev/pages/themes/beginners/JS_BasicSyntax_1/images/while_algorithm.png [33m404 [0m2.093 ms - 104[0m
[0mGET /ProgressBG-Front-End-Dev/pages/themes/beginners/JS_BasicSyntax_1/images/for_algorithm.png [33m404 [0m2.528 ms - 102[0m
[0mGET /ProgressBG-Front-End-Dev/pages/themes/beginners/JS_BasicSyntax_1/images/while_algorithm.png [33m404 [0m0.749 ms - 104[0m
[0mGET /ProgressBG-Front-End-Dev/pages/themes/beginners/JS_BasicSyntax_1/images/for_algorithm.png [33m404 [0m0.896 ms - 102[0m
[0mGET /ProgressBG-Front-End-Dev/pages/themes/beginners/JS_BasicSyntax_1/images/while_algorithm.png [33m404 [0m1.005 ms - 104[0m
[0mGET /ProgressBG-Front-End-Dev/pages/themes/beginners/JS_BasicSyntax_1/images/for_algorithm.png [33m404 [0m0.913 ms - 102[0m
[0mGET /ProgressBG-Front-End-Dev/pages/themes/beginners/JS_BasicSyntax_1/images/while_algorithm.png [33m404 [0m1.015 ms - 104[0m
[0mGET /ProgressBG-Front-End-Dev/pages/themes/beginners/JS_BasicSyntax_1/images/for_algorithm.png [33m404 [0m2.624 ms - 102[0m
[0mGET /ProgressBG-Front-End-Dev/pages/themes/beginners/JS_BasicSyntax_1/images/while_algorithm.png [33m404 [0m3.174 ms - 104[0m
[0mGET /ProgressBG-Front-End-Dev/pages/themes/beginners/JS_BasicSyntax_1/images/for_algorithm.png [33m404 [0m2.014 ms - 102[0m
[0mGET /ProgressBG-Front-End-Dev/pages/themes/beginners/JS_BasicSyntax_1/images/while_algorithm.png [33m404 [0m1.361 ms - 104[0m
[0mGET /ProgressBG-Front-End-Dev/pages/themes/beginners/JS_BasicSyntax_1/images/for_algorithm.png [33m404 [0m1.575 ms - 102[0m
[0mGET /ProgressBG-Front-End-Dev/pages/themes/beginners/JS_BasicSyntax_1/images/while_algorithm.png [33m404 [0m1.585 ms - 104[0m
[0mGET /ProgressBG-Front-End-Dev/pages/themes/beginners/JS_BasicSyntax_1/images/for_algorithm.png [33m404 [0m0.917 ms - 102[0m
[0mGET /ProgressBG-Front-End-Dev/pages/themes/beginners/JS_BasicSyntax_1/images/while_algorithm.png [33m404 [0m1.823 ms - 104[0m
[0mGET /ProgressBG-Front-End-Dev/pages/themes/beginners/JS_BasicSyntax_1/images/for_algorithm.png [33m404 [0m1.532 ms - 102[0m
[0mGET /ProgressBG-Front-End-Dev/pages/themes/beginners/JS_BasicSyntax_1/images/while_algorithm.png [33m404 [0m1.081 ms - 104[0m
[0mGET /ProgressBG-Front-End-Dev/pages/themes/beginners/JS_BasicSyntax_1/images/for_algorithm.png [33m404 [0m1.219 ms - 102[0m
[0mGET /ProgressBG-Front-End-Dev/pages/themes/beginners/JS_BasicSyntax_1/images/while_algorithm.png [33m404 [0m1.416 ms - 104[0m
[0mGET /ProgressBG-Front-End-Dev/pages/themes/beginners/JS_BasicSyntax_1/images/for_algorithm.png [33m404 [0m1.009 ms - 102[0m
[0mGET /ProgressBG-Front-End-Dev/pages/themes/beginners/JS_BasicSyntax_1/images/while_algorithm.png [33m404 [0m1.042 ms - 104[0m
[0mGET /ProgressBG-Front-End-Dev/pages/themes/beginners/JS_BasicSyntax_1/images/for_algorithm.png [33m404 [0m1.405 ms - 102[0m
[0mGET /ProgressBG-Front-End-Dev/pages/themes/beginners/JS_BasicSyntax_1/images/while_algorithm.png [33m404 [0m1.339 ms - 104[0m
[0mGET /ProgressBG-Front-End-Dev/pages/themes/beginners/JS_BasicSyntax_1/images/for_algorithm.png [33m404 [0m2.232 ms - 102[0m
[0mGET /ProgressBG-Front-End-Dev/pages/themes/beginners/JS_BasicSyntax_1/images/while_algorithm.png [33m404 [0m1.477 ms - 104[0m
[0mGET /ProgressBG-Front-End-Dev/pages/themes/beginners/JS_BasicSyntax_1/images/for_algorithm.png [33m404 [0m0.920 ms - 102[0m
[0mGET /ProgressBG-Front-End-Dev/pages/themes/beginners/JS_BasicSyntax_1/images/while_algorithm.png [33m404 [0m3.876 ms - 104[0m
[0mGET /ProgressBG-Front-End-Dev/pages/themes/beginners/JS_BasicSyntax_1/images/for_algorithm.png [33m404 [0m0.925 ms - 102[0m
[0mGET /ProgressBG-Front-End-Dev/pages/themes/beginners/JS_BasicSyntax_1/images/while_algorithm.png [33m404 [0m1.264 ms - 104[0m
[0mGET /ProgressBG-Front-End-Dev/pages/themes/beginners/JS_BasicSyntax_1/images/for_algorithm.png [33m404 [0m1.138 ms - 102[0m
[0mGET /ProgressBG-Front-End-Dev/pages/themes/beginners/JS_BasicSyntax_1/images/while_algorithm.png [33m404 [0m0.727 ms - 104[0m
[0mGET /ProgressBG-Front-End-Dev/pages/themes/beginners/JS_BasicSyntax_1/images/for_algorithm.png [33m404 [0m0.808 ms - 102[0m
[0mGET /ProgressBG-Front-End-Dev/pages/themes/beginners/JS_BasicSyntax_1/images/while_algorithm.png [33m404 [0m0.786 ms - 104[0m
[0mGET /ProgressBG-Front-End-Dev/pages/themes/beginners/JS_BasicSyntax_1/images/for_algorithm.png [33m404 [0m1.055 ms - 102[0m
[0mGET /ProgressBG-Front-End-Dev/pages/themes/beginners/JS_BasicSyntax_1/images/while_algorithm.png [33m404 [0m1.864 ms - 104[0m
[0mGET /ProgressBG-Front-End-Dev/pages/themes/beginners/JS_BasicSyntax_1/images/for_algorithm.png [33m404 [0m0.804 ms - 102[0m
[0mGET /ProgressBG-Front-End-Dev/pages/themes/beginners/JS_BasicSyntax_1/images/while_algorithm.png [33m404 [0m0.797 ms - 104[0m
[0mGET /ProgressBG-Front-End-Dev/pages/themes/beginners/JS_BasicSyntax_1/images/for_algorithm.png [33m404 [0m1.599 ms - 102[0m
[0mGET /ProgressBG-Front-End-Dev/pages/themes/beginners/JS_BasicSyntax_1/images/while_algorithm.png [33m404 [0m2.671 ms - 104[0m
[0mGET /ProgressBG-Front-End-Dev/pages/themes/beginners/JS_BasicSyntax_1/images/for_algorithm.png [33m404 [0m0.938 ms - 102[0m
[0mGET /ProgressBG-Front-End-Dev/pages/themes/beginners/JS_BasicSyntax_1/images/while_algorithm.png [33m404 [0m0.938 ms - 104[0m
[0mGET /ProgressBG-Front-End-Dev/pages/themes/beginners/JS_BasicSyntax_1/images/for_algorithm.png [33m404 [0m0.893 ms - 102[0m
[0mGET /ProgressBG-Front-End-Dev/pages/themes/beginners/JS_BasicSyntax_1/images/for_algorithm.png [33m404 [0m1.190 ms - 102[0m
[0mGET /ProgressBG-Front-End-Dev/pages/themes/beginners/JS_BasicSyntax_1/images/while_algorithm.png [33m404 [0m1.410 ms - 104[0m
[0mGET /ProgressBG-Front-End-Dev/pages/themes/beginners/JS_BasicSyntax_1/images/for_algorithm.png [33m404 [0m4.103 ms - 102[0m
[0mGET /ProgressBG-Front-End-Dev/pages/themes/beginners/JS_BasicSyntax_1/images/while_algorithm.png [33m404 [0m3.896 ms - 104[0m
[0mGET /ProgressBG-Front-End-Dev/pages/themes/beginners/JS_BasicSyntax_1/images/for_algorithm.png [33m404 [0m0.924 ms - 102[0m
[0mGET /ProgressBG-Front-End-Dev/pages/themes/beginners/JS_BasicSyntax_1/images/while_algorithm.png [33m404 [0m1.236 ms - 104[0m
[0mGET /ProgressBG-Front-End-Dev/pages/themes/beginners/JS_BasicSyntax_1/images/for_algorithm.png [33m404 [0m1.076 ms - 102[0m
[0mGET /ProgressBG-Front-End-Dev/pages/themes/beginners/JS_BasicSyntax_1/images/while_algorithm.png [33m404 [0m1.015 ms - 104[0m
[0mGET /ProgressBG-Front-End-Dev/pages/themes/beginners/JS_BasicSyntax_1/images/for_algorithm.png [33m404 [0m0.926 ms - 102[0m
[0mGET /ProgressBG-Front-End-Dev/pages/themes/beginners/JS_BasicSyntax_1/images/while_algorithm.png [33m404 [0m3.064 ms - 104[0m
[0mGET /ProgressBG-Front-End-Dev/pages/themes/beginners/JS_BasicSyntax_1/images/for_algorithm.png [33m404 [0m1.369 ms - 102[0m
[0mGET /ProgressBG-Front-End-Dev/pages/themes/beginners/JS_BasicSyntax_1/images/while_algorithm.png [33m404 [0m1.574 ms - 104[0m
[0mGET /ProgressBG-Front-End-Dev/pages/themes/beginners/JS_BasicSyntax_1/images/for_algorithm.png [33m404 [0m1.756 ms - 102[0m
[0mGET /ProgressBG-Front-End-Dev/pages/themes/beginners/JS_BasicSyntax_1/images/while_algorithm.png [33m404 [0m1.484 ms - 104[0m
[0mGET /ProgressBG-Front-End-Dev/pages/themes/beginners/JS_BasicSyntax_1/images/for_algorithm.png [33m404 [0m0.912 ms - 102[0m
[0mGET /ProgressBG-Front-End-Dev/pages/themes/beginners/JS_BasicSyntax_1/images/while_algorithm.png [33m404 [0m0.700 ms - 104[0m
[0mGET /ProgressBG-Front-End-Dev/pages/themes/beginners/JS_BasicSyntax_1/images/for_algorithm.png [33m404 [0m1.410 ms - 102[0m
[0mGET /ProgressBG-Front-End-Dev/pages/themes/beginners/JS_BasicSyntax_1/images/while_algorithm.png [33m404 [0m1.099 ms - 104[0m
[0mGET /ProgressBG-Front-End-Dev/pages/themes/beginners/JS_BasicSyntax_1/images/for_algorithm.png [33m404 [0m1.040 ms - 102[0m
[0mGET /ProgressBG-Front-End-Dev/pages/themes/beginners/JS_BasicSyntax_1/images/while_algorithm.png [33m404 [0m1.105 ms - 104[0m
[0mGET /ProgressBG-Front-End-Dev/pages/themes/beginners/JS_BasicSyntax_1/images/for_algorithm.png [33m404 [0m1.795 ms - 102[0m
[0mGET /ProgressBG-Front-End-Dev/pages/themes/beginners/JS_BasicSyntax_1/images/while_algorithm.png [33m404 [0m2.896 ms - 104[0m
[0mGET /ProgressBG-Front-End-Dev/pages/themes/beginners/JS_BasicSyntax_1/images/for_algorithm.png [33m404 [0m1.554 ms - 102[0m
[0mGET /ProgressBG-Front-End-Dev/pages/themes/beginners/JS_BasicSyntax_1/images/while_algorithm.png [33m404 [0m2.041 ms - 104[0m
[0mGET /ProgressBG-Front-End-Dev/pages/themes/beginners/JS_BasicSyntax_1/images/for_algorithm.png [33m404 [0m0.896 ms - 102[0m
[0mGET /ProgressBG-Front-End-Dev/pages/themes/beginners/JS_BasicSyntax_1/images/while_algorithm.png [33m404 [0m0.749 ms - 104[0m
[0mGET /ProgressBG-Front-End-Dev/pages/themes/beginners/JS_BasicSyntax_1/images/for_algorithm.png [33m404 [0m0.757 ms - 102[0m
[0mGET /ProgressBG-Front-End-Dev/pages/themes/beginners/JS_BasicSyntax_1/images/while_algorithm.png [33m404 [0m0.725 ms - 104[0m
[0mGET /ProgressBG-Front-End-Dev/pages/themes/beginners/JS_BasicSyntax_1/images/for_algorithm.png [33m404 [0m0.821 ms - 102[0m
[0mGET /ProgressBG-Front-End-Dev/pages/themes/beginners/JS_BasicSyntax_1/images/while_algorithm.png [33m404 [0m0.861 ms - 104[0m
[0mGET /ProgressBG-Front-End-Dev/pages/themes/beginners/JS_BasicSyntax_1/images/while_algorithm.png [33m404 [0m1.044 ms - 104[0m
[0mGET /ProgressBG-Front-End-Dev/pages/themes/beginners/JS_BasicSyntax_1/images/for_algorithm.png [33m404 [0m1.588 ms - 102[0m
[0mGET /ProgressBG-Front-End-Dev/pages/themes/beginners/JS_BasicSyntax_1/images/while_algorithm.png [33m404 [0m1.924 ms - 104[0m
[0mGET /ProgressBG-Front-End-Dev/pages/themes/beginners/JS_BasicSyntax_1/images/for_algorithm.png [33m404 [0m2.442 ms - 102[0m
[0mGET /ProgressBG-Front-End-Dev/pages/themes/beginners/JS_BasicSyntax_1/images/for_algorithm.png [33m404 [0m0.929 ms - 102[0m
[0mGET /ProgressBG-Front-End-Dev/pages/themes/beginners/JS_BasicSyntax_1/images/while_algorithm.png [33m404 [0m1.627 ms - 104[0m
[0mGET /ProgressBG-Front-End-Dev/pages/themes/beginners/JS_BasicSyntax_1/images/for_algorithm.png [33m404 [0m1.273 ms - 102[0m
[0mGET /ProgressBG-Front-End-Dev/pages/themes/beginners/JS_BasicSyntax_1/images/while_algorithm.png [33m404 [0m1.860 ms - 104[0m
[0mGET /ProgressBG-Front-End-Dev/pages/themes/beginners/JS_BasicSyntax_1/images/for_algorithm.png [33m404 [0m5.177 ms - 102[0m
[0mGET /ProgressBG-Front-End-Dev/pages/themes/beginners/JS_BasicSyntax_1/images/while_algorithm.png [33m404 [0m5.460 ms - 104[0m
[0mGET /ProgressBG-Front-End-Dev/pages/themes/beginners/JS_BasicSyntax_1/images/while_algorithm.png [33m404 [0m0.889 ms - 104[0m
[0mGET /ProgressBG-Front-End-Dev/pages/themes/beginners/JS_BasicSyntax_1/images/for_algorithm.png [33m404 [0m1.623 ms - 102[0m
[0mGET /ProgressBG-Front-End-Dev/pages/themes/beginners/JS_BasicSyntax_1/images/for_algorithm.png [33m404 [0m1.028 ms - 102[0m
[0mGET /ProgressBG-Front-End-Dev/pages/themes/beginners/JS_BasicSyntax_1/images/while_algorithm.png [33m404 [0m1.496 ms - 104[0m
[0mGET /ProgressBG-Front-End-Dev/pages/themes/beginners/JS_BasicSyntax_1/images/for_algorithm.png [33m404 [0m1.213 ms - 102[0m
[0mGET /ProgressBG-Front-End-Dev/pages/themes/beginners/JS_BasicSyntax_1/images/while_algorithm.png [33m404 [0m1.539 ms - 104[0m
[0mGET /ProgressBG-Front-End-Dev/pages/themes/beginners/JS_BasicSyntax_1/images/for_algorithm.png [33m404 [0m0.710 ms - 102[0m
[0mGET /ProgressBG-Front-End-Dev/pages/themes/beginners/JS_BasicSyntax_1/images/while_algorithm.png [33m404 [0m3.145 ms - 104[0m
[0mGET /ProgressBG-Front-End-Dev/pages/themes/beginners/JS_BasicSyntax_1/images/for_algorithm.png [33m404 [0m0.887 ms - 102[0m
[0mGET /ProgressBG-Front-End-Dev/pages/themes/beginners/JS_BasicSyntax_1/images/while_algorithm.png [33m404 [0m1.288 ms - 104[0m
[0mGET /ProgressBG-Front-End-Dev/pages/themes/beginners/JS_BasicSyntax_1/images/for_algorithm.png [33m404 [0m0.751 ms - 102[0m
[0mGET /ProgressBG-Front-End-Dev/pages/themes/beginners/JS_BasicSyntax_1/images/while_algorithm.png [33m404 [0m0.787 ms - 104[0m
[0mGET /ProgressBG-Front-End-Dev/pages/themes/beginners/JS_BasicSyntax_1/images/for_algorithm.png [33m404 [0m1.221 ms - 102[0m
[0mGET /ProgressBG-Front-End-Dev/pages/themes/beginners/JS_BasicSyntax_1/images/while_algorithm.png [33m404 [0m1.016 ms - 104[0m
[0mGET /ProgressBG-Front-End-Dev/pages/themes/beginners/JS_BasicSyntax_1/images/for_algorithm.png [33m404 [0m1.282 ms - 102[0m
[0mGET /ProgressBG-Front-End-Dev/pages/themes/beginners/JS_BasicSyntax_1/images/while_algorithm.png [33m404 [0m1.018 ms - 104[0m
[0mGET /ProgressBG-Front-End-Dev/pages/themes/beginners/JS_BasicSyntax_1/images/for_algorithm.png [33m404 [0m1.176 ms - 102[0m
[0mGET /ProgressBG-Front-End-Dev/pages/themes/beginners/JS_BasicSyntax_1/images/while_algorithm.png [33m404 [0m1.313 ms - 104[0m
[0mGET /ProgressBG-Front-End-Dev/pages/themes/beginners/JS_BasicSyntax_1/images/for_algorithm.png [33m404 [0m0.896 ms - 102[0m
[0mGET /ProgressBG-Front-End-Dev/pages/themes/beginners/JS_BasicSyntax_1/images/while_algorithm.png [33m404 [0m0.682 ms - 104[0m
[0mGET /ProgressBG-Front-End-Dev/pages/themes/beginners/JS_BasicSyntax_1/images/for_algorithm.png [33m404 [0m0.818 ms - 102[0m
[0mGET /ProgressBG-Front-End-Dev/pages/themes/beginners/JS_BasicSyntax_1/images/while_algorithm.png [33m404 [0m1.012 ms - 104[0m
[0mGET /ProgressBG-Front-End-Dev/pages/themes/beginners/JS_BasicSyntax_1/images/for_algorithm.png [33m404 [0m1.859 ms - 102[0m
[0mGET /ProgressBG-Front-End-Dev/pages/themes/beginners/JS_BasicSyntax_1/images/while_algorithm.png [33m404 [0m1.786 ms - 104[0m
[0mGET /ProgressBG-Front-End-Dev/pages/themes/beginners/JS_BasicSyntax_1/images/for_algorithm.png [33m404 [0m1.622 ms - 102[0m
[0mGET /ProgressBG-Front-End-Dev/pages/themes/beginners/JS_BasicSyntax_1/images/while_algorithm.png [33m404 [0m1.232 ms - 104[0m
[0mGET /ProgressBG-Front-End-Dev/pages/themes/beginners/JS_BasicSyntax_1/images/for_algorithm.png [33m404 [0m0.938 ms - 102[0m
[0mGET /ProgressBG-Front-End-Dev/pages/themes/beginners/JS_BasicSyntax_1/images/while_algorithm.png [33m404 [0m0.743 ms - 104[0m
[0mGET /ProgressBG-Front-End-Dev/pages/themes/beginners/JS_BasicSyntax_1/images/for_algorithm.png [33m404 [0m0.841 ms - 102[0m
[0mGET /ProgressBG-Front-End-Dev/pages/themes/beginners/JS_BasicSyntax_1/images/while_algorithm.png [33m404 [0m0.898 ms - 104[0m
[0mGET /ProgressBG-Front-End-Dev/pages/themes/beginners/JS_BasicSyntax_1/images/for_algorithm.png [33m404 [0m0.798 ms - 102[0m
[0mGET /ProgressBG-Front-End-Dev/pages/themes/beginners/JS_BasicSyntax_1/images/while_algorithm.png [33m404 [0m0.737 ms - 104[0m
[0mGET /ProgressBG-Front-End-Dev/pages/themes/beginners/JS_BasicSyntax_1/images/for_algorithm.png [33m404 [0m1.096 ms - 102[0m
[0mGET /ProgressBG-Front-End-Dev/pages/themes/beginners/JS_BasicSyntax_1/images/for_algorithm.png [33m404 [0m0.692 ms - 102[0m
[0mGET /ProgressBG-Front-End-Dev/pages/themes/beginners/JS_BasicSyntax_1/images/while_algorithm.png [33m404 [0m0.861 ms - 104[0m
[0mGET /ProgressBG-Front-End-Dev/pages/themes/beginners/JS_BasicSyntax_1/images/for_algorithm.png [33m404 [0m2.012 ms - 102[0m
[0mGET /ProgressBG-Front-End-Dev/pages/themes/beginners/JS_BasicSyntax_1/images/while_algorithm.png [33m404 [0m0.754 ms - 104[0m
[0mGET /ProgressBG-Front-End-Dev/pages/themes/beginners/JS_BasicSyntax_1/images/for_algorithm.png [33m404 [0m1.153 ms - 102[0m
[0mGET /ProgressBG-Front-End-Dev/pages/themes/beginners/JS_BasicSyntax_1/images/while_algorithm.png [33m404 [0m1.096 ms - 104[0m
[0mGET /ProgressBG-Front-End-Dev/pages/themes/beginners/JS_BasicSyntax_1/images/for_algorithm.png [33m404 [0m1.217 ms - 102[0m
[0mGET /ProgressBG-Front-End-Dev/pages/themes/beginners/JS_BasicSyntax_1/images/while_algorithm.png [33m404 [0m1.627 ms - 104[0m
[0mGET /ProgressBG-Front-End-Dev/pages/themes/beginners/JS_BasicSyntax_1/images/while_algorithm.png [33m404 [0m0.575 ms - 104[0m
[0mGET /ProgressBG-Front-End-Dev/pages/themes/beginners/JS_BasicSyntax_1/images/for_algorithm.png [33m404 [0m1.335 ms - 102[0m
[0mGET /ProgressBG-Front-End-Dev/pages/themes/beginners/JS_BasicSyntax_1/images/for_algorithm.png [33m404 [0m0.811 ms - 102[0m
[0mGET /ProgressBG-Front-End-Dev/pages/themes/beginners/JS_BasicSyntax_1/images/while_algorithm.png [33m404 [0m0.694 ms - 104[0m
[0mGET /ProgressBG-Front-End-Dev/pages/themes/beginners/JS_BasicSyntax_1/images/for_algorithm.png [33m404 [0m1.795 ms - 102[0m
[0mGET /ProgressBG-Front-End-Dev/pages/themes/beginners/JS_BasicSyntax_1/images/while_algorithm.png [33m404 [0m1.869 ms - 104[0m
[0mGET /ProgressBG-Front-End-Dev/pages/themes/beginners/JS_BasicSyntax_1/images/for_algorithm.png [33m404 [0m0.861 ms - 102[0m
[0mGET /ProgressBG-Front-End-Dev/pages/themes/beginners/JS_BasicSyntax_1/images/while_algorithm.png [33m404 [0m0.993 ms - 104[0m
[0mGET /ProgressBG-Front-End-Dev/pages/themes/beginners/JS_BasicSyntax_1/images/for_algorithm.png [33m404 [0m7.073 ms - 102[0m
[0mGET /ProgressBG-Front-End-Dev/pages/themes/beginners/JS_BasicSyntax_1/images/while_algorithm.png [33m404 [0m1.117 ms - 104[0m
[0mGET /ProgressBG-Front-End-Dev/pages/themes/beginners/JS_BasicSyntax_1/images/for_algorithm.png [33m404 [0m1.323 ms - 102[0m
[0mGET /ProgressBG-Front-End-Dev/pages/themes/beginners/JS_BasicSyntax_1/images/while_algorithm.png [33m404 [0m1.173 ms - 104[0m
[0mGET /ProgressBG-Front-End-Dev/pages/themes/beginners/JS_BasicSyntax_1/images/for_algorithm.png [33m404 [0m1.727 ms - 102[0m
[0mGET /ProgressBG-Front-End-Dev/pages/themes/beginners/JS_BasicSyntax_1/images/while_algorithm.png [33m404 [0m0.791 ms - 104[0m
[0mGET /ProgressBG-Front-End-Dev/pages/themes/beginners/JS_BasicSyntax_1/images/for_algorithm.png [33m404 [0m1.101 ms - 102[0m
[0mGET /ProgressBG-Front-End-Dev/pages/themes/beginners/JS_BasicSyntax_1/images/while_algorithm.png [33m404 [0m0.983 ms - 104[0m
[0mGET /ProgressBG-Front-End-Dev/pages/themes/beginners/JS_BasicSyntax_1/images/for_algorithm.png [33m404 [0m1.026 ms - 102[0m
[0mGET /ProgressBG-Front-End-Dev/pages/themes/beginners/JS_BasicSyntax_1/images/while_algorithm.png [33m404 [0m1.122 ms - 104[0m
[0mGET /ProgressBG-Front-End-Dev/pages/themes/beginners/JS_BasicSyntax_1/images/for_algorithm.png [33m404 [0m0.771 ms - 102[0m
[0mGET /ProgressBG-Front-End-Dev/pages/themes/beginners/JS_BasicSyntax_1/images/while_algorithm.png [33m404 [0m0.771 ms - 104[0m
[0mGET /ProgressBG-Front-End-Dev/pages/themes/beginners/JS_BasicSyntax_1/images/for_algorithm.png [33m404 [0m1.013 ms - 102[0m
[0mGET /ProgressBG-Front-End-Dev/pages/themes/beginners/JS_BasicSyntax_1/images/while_algorithm.png [33m404 [0m1.054 ms - 104[0m
[0mGET /ProgressBG-Front-End-Dev/pages/themes/beginners/JS_BasicSyntax_1/images/for_algorithm.png [33m404 [0m0.781 ms - 102[0m
[0mGET /ProgressBG-Front-End-Dev/pages/themes/beginners/JS_BasicSyntax_1/images/while_algorithm.png [33m404 [0m1.127 ms - 104[0m
[0mGET /ProgressBG-Front-End-Dev/pages/themes/beginners/JS_BasicSyntax_1/images/for_algorithm.png [33m404 [0m1.914 ms - 102[0m
[0mGET /ProgressBG-Front-End-Dev/pages/themes/beginners/JS_BasicSyntax_1/images/while_algorithm.png [33m404 [0m1.695 ms - 104[0m
[0mGET /ProgressBG-Front-End-Dev/pages/themes/beginners/JS_BasicSyntax_1/images/for_algorithm.png [33m404 [0m1.419 ms - 102[0m
[0mGET /ProgressBG-Front-End-Dev/pages/themes/beginners/JS_BasicSyntax_1/images/while_algorithm.png [33m404 [0m0.711 ms - 104[0m
[0mGET /favicon.ico [33m404 [0m0.694 ms - 24[0m
[0mGET /ProgressBG-Front-End-Dev/pages/themes/beginners/JS_BasicSyntax_1/images/for_algorithm.png [33m404 [0m0.766 ms - 102[0m
[0mGET /ProgressBG-Front-End-Dev/pages/themes/beginners/JS_BasicSyntax_1/images/while_algorithm.png [33m404 [0m0.694 ms - 104[0m
[0mGET /ProgressBG-Front-End-Dev/pages/themes/beginners/JS_BasicSyntax_1/images/for_algorithm.png [33m404 [0m1.261 ms - 102[0m
[0mGET /ProgressBG-Front-End-Dev/pages/themes/beginners/JS_BasicSyntax_1/images/while_algorithm.png [33m404 [0m0.798 ms - 104[0m
[0mGET /ProgressBG-Front-End-Dev/pages/themes/beginners/JS_BasicSyntax_1/images/for_algorithm.png [33m404 [0m2.536 ms - 102[0m
[0mGET /ProgressBG-Front-End-Dev/pages/themes/beginners/JS_BasicSyntax_1/images/while_algorithm.png [33m404 [0m1.939 ms - 104[0m
[0mGET /ProgressBG-Front-End-Dev/pages/themes/beginners/JS_BasicSyntax_1/images/for_algorithm.png [33m404 [0m2.244 ms - 102[0m
[0mGET /ProgressBG-Front-End-Dev/pages/themes/beginners/JS_BasicSyntax_1/images/while_algorithm.png [33m404 [0m2.558 ms - 104[0m
[0mGET /ProgressBG-Front-End-Dev/pages/themes/beginners/JS_BasicSyntax_1/images/for_algorithm.png [33m404 [0m1.015 ms - 102[0m
[0mGET /ProgressBG-Front-End-Dev/pages/themes/beginners/JS_BasicSyntax_1/images/while_algorithm.png [33m404 [0m0.721 ms - 104[0m
[0mGET /ProgressBG-Front-End-Dev/pages/themes/beginners/JS_BasicSyntax_1/images/for_algorithm.png [33m404 [0m0.821 ms - 102[0m
[0mGET /ProgressBG-Front-End-Dev/pages/themes/beginners/JS_BasicSyntax_1/images/for_algorithm.png [33m404 [0m2.121 ms - 102[0m
[0mGET /ProgressBG-Front-End-Dev/pages/themes/beginners/JS_BasicSyntax_1/images/while_algorithm.png [33m404 [0m1.118 ms - 104[0m
[0mGET /ProgressBG-Front-End-Dev/pages/themes/beginners/JS_BasicSyntax_1/images/for_algorithm.png [33m404 [0m0.991 ms - 102[0m
[0mGET /ProgressBG-Front-End-Dev/pages/themes/beginners/JS_BasicSyntax_1/images/while_algorithm.png [33m404 [0m1.046 ms - 104[0m
[0mGET /ProgressBG-Front-End-Dev/pages/themes/beginners/JS_BasicSyntax_1/images/for_algorithm.png [33m404 [0m0.644 ms - 102[0m
[0mGET /ProgressBG-Front-End-Dev/pages/themes/beginners/JS_BasicSyntax_1/images/while_algorithm.png [33m404 [0m1.041 ms - 104[0m
[0mGET /ProgressBG-Front-End-Dev/pages/themes/beginners/JS_BasicSyntax_1/images/for_algorithm.png [33m404 [0m0.753 ms - 102[0m
[0mGET /ProgressBG-Front-End-Dev/pages/themes/beginners/JS_BasicSyntax_1/images/while_algorithm.png [33m404 [0m1.312 ms - 104[0m
[0mGET /ProgressBG-Front-End-Dev/pages/themes/beginners/JS_BasicSyntax_1/images/for_algorithm.png [33m404 [0m0.749 ms - 102[0m
[0mGET /ProgressBG-Front-End-Dev/pages/themes/beginners/JS_BasicSyntax_1/images/while_algorithm.png [33m404 [0m1.121 ms - 104[0m
[0mGET /ProgressBG-Front-End-Dev/pages/themes/beginners/JS_BasicSyntax_1/images/for_algorithm.png [33m404 [0m0.782 ms - 102[0m
[0mGET /ProgressBG-Front-End-Dev/pages/themes/beginners/JS_BasicSyntax_1/images/while_algorithm.png [33m404 [0m0.696 ms - 104[0m
[0mGET /ProgressBG-Front-End-Dev/pages/themes/beginners/JS_BasicSyntax_1/images/for_algorithm.png [33m404 [0m1.044 ms - 102[0m
[0mGET /ProgressBG-Front-End-Dev/pages/themes/beginners/JS_BasicSyntax_1/images/while_algorithm.png [33m404 [0m1.430 ms - 104[0m
[0mGET /ProgressBG-Front-End-Dev/pages/themes/beginners/JS_BasicSyntax_1/images/for_algorithm.png [33m404 [0m1.046 ms - 102[0m
[0mGET /ProgressBG-Front-End-Dev/pages/themes/beginners/JS_BasicSyntax_1/images/while_algorithm.png [33m404 [0m0.999 ms - 104[0m
[0mGET /ProgressBG-Front-End-Dev/pages/themes/beginners/JS_BasicSyntax_1/images/for_algorithm.png [33m404 [0m2.021 ms - 102[0m
[0mGET /ProgressBG-Front-End-Dev/pages/themes/beginners/JS_BasicSyntax_1/images/while_algorithm.png [33m404 [0m1.654 ms - 104[0m
[0mGET /ProgressBG-Front-End-Dev/pages/themes/beginners/JS_BasicSyntax_1/images/for_algorithm.png [33m404 [0m0.816 ms - 102[0m
[0mGET /ProgressBG-Front-End-Dev/pages/themes/beginners/JS_BasicSyntax_1/images/while_algorithm.png [33m404 [0m0.881 ms - 104[0m
[0mGET /ProgressBG-Front-End-Dev/pages/themes/beginners/JS_BasicSyntax_1/images/for_algorithm.png [33m404 [0m1.347 ms - 102[0m
[0mGET /ProgressBG-Front-End-Dev/pages/themes/beginners/JS_BasicSyntax_1/images/while_algorithm.png [33m404 [0m0.980 ms - 104[0m
[0mGET /favicon.ico [33m404 [0m0.779 ms - 24[0m
[0mGET /ProgressBG-Front-End-Dev/pages/themes/beginners/JS_BasicSyntax_1/images/while_algorithm.png [33m404 [0m5.813 ms - 104[0m
[0mGET /ProgressBG-Front-End-Dev/pages/themes/beginners/JS_BasicSyntax_1/images/for_algorithm.png [33m404 [0m7.008 ms - 102[0m
[0mGET /ProgressBG-Front-End-Dev/pages/themes/beginners/JS_BasicSyntax_1/images/for_algorithm.png [33m404 [0m0.843 ms - 102[0m
[0mGET /ProgressBG-Front-End-Dev/pages/themes/beginners/JS_BasicSyntax_1/images/while_algorithm.png [33m404 [0m0.705 ms - 104[0m
[0mGET /ProgressBG-Front-End-Dev/pages/themes/beginners/JS_BasicSyntax_1/images/for_algorithm.png [33m404 [0m1.661 ms - 102[0m
[0mGET /ProgressBG-Front-End-Dev/pages/themes/beginners/JS_BasicSyntax_1/images/while_algorithm.png [33m404 [0m0.772 ms - 104[0m
[0mGET /ProgressBG-Front-End-Dev/pages/themes/beginners/JS_BasicSyntax_1/images/for_algorithm.png [33m404 [0m0.761 ms - 102[0m
[0mGET /ProgressBG-Front-End-Dev/pages/themes/beginners/JS_BasicSyntax_1/images/while_algorithm.png [33m404 [0m0.847 ms - 104[0m
[0mGET /ProgressBG-Front-End-Dev/pages/themes/beginners/JS_BasicSyntax_1/images/for_algorithm.png [33m404 [0m1.010 ms - 102[0m
[0mGET /ProgressBG-Front-End-Dev/pages/themes/beginners/JS_BasicSyntax_1/images/while_algorithm.png [33m404 [0m2.245 ms - 104[0m
[0mGET /ProgressBG-Front-End-Dev/pages/themes/beginners/JS_BasicSyntax_1/images/for_algorithm.png [33m404 [0m1.889 ms - 102[0m
[0mGET /ProgressBG-Front-End-Dev/pages/themes/beginners/JS_BasicSyntax_1/images/while_algorithm.png [33m404 [0m2.147 ms - 104[0m
[0mGET /ProgressBG-Front-End-Dev/pages/themes/beginners/JS_BasicSyntax_1/images/for_algorithm.png [33m404 [0m0.785 ms - 102[0m
[0mGET /ProgressBG-Front-End-Dev/pages/themes/beginners/JS_BasicSyntax_1/images/while_algorithm.png [33m404 [0m3.903 ms - 104[0m
[0mGET /ProgressBG-Front-End-Dev/pages/themes/beginners/JS_BasicSyntax_1/images/for_algorithm.png [33m404 [0m1.336 ms - 102[0m
[0mGET /ProgressBG-Front-End-Dev/pages/themes/beginners/JS_BasicSyntax_1/images/while_algorithm.png [33m404 [0m0.698 ms - 104[0m
[0mGET /ProgressBG-Front-End-Dev/pages/themes/beginners/JS_BasicSyntax_1/images/for_algorithm.png [33m404 [0m0.824 ms - 102[0m
[0mGET /ProgressBG-Front-End-Dev/pages/themes/beginners/JS_BasicSyntax_1/images/while_algorithm.png [33m404 [0m2.411 ms - 104[0m
[0mGET /ProgressBG-Front-End-Dev/pages/themes/beginners/JS_BasicSyntax_1/images/for_algorithm.png [33m404 [0m1.182 ms - 102[0m
[0mGET /ProgressBG-Front-End-Dev/pages/themes/beginners/JS_BasicSyntax_1/images/while_algorithm.png [33m404 [0m2.255 ms - 104[0m
[0mGET /ProgressBG-Front-End-Dev/pages/themes/beginners/JS_BasicSyntax_1/images/for_algorithm.png [33m404 [0m0.703 ms - 102[0m
[0mGET /ProgressBG-Front-End-Dev/pages/themes/beginners/JS_BasicSyntax_1/images/while_algorithm.png [33m404 [0m0.883 ms - 104[0m
[0mGET /ProgressBG-Front-End-Dev/pages/themes/beginners/JS_BasicSyntax_1/images/for_algorithm.png [33m404 [0m1.004 ms - 102[0m
[0mGET /ProgressBG-Front-End-Dev/pages/themes/beginners/JS_BasicSyntax_1/images/while_algorithm.png [33m404 [0m1.126 ms - 104[0m
[0mGET /ProgressBG-Front-End-Dev/pages/themes/beginners/JS_BasicSyntax_1/images/for_algorithm.png [33m404 [0m1.161 ms - 102[0m
[0mGET /ProgressBG-Front-End-Dev/pages/themes/beginners/JS_BasicSyntax_1/images/while_algorithm.png [33m404 [0m1.173 ms - 104[0m
[0mGET /ProgressBG-Front-End-Dev/pages/themes/beginners/JS_BasicSyntax_1/images/for_algorithm.png [33m404 [0m0.872 ms - 102[0m
[0mGET /ProgressBG-Front-End-Dev/pages/themes/beginners/JS_BasicSyntax_1/images/while_algorithm.png [33m404 [0m0.639 ms - 104[0m
[0mGET /ProgressBG-Front-End-Dev/pages/themes/beginners/JS_BasicSyntax_1/images/for_algorithm.png [33m404 [0m0.893 ms - 102[0m
[0mGET /ProgressBG-Front-End-Dev/pages/themes/beginners/JS_BasicSyntax_1/images/while_algorithm.png [33m404 [0m1.183 ms - 104[0m
[0mGET /ProgressBG-Front-End-Dev/pages/themes/beginners/JS_BasicSyntax_1/images/for_algorithm.png [33m404 [0m0.771 ms - 102[0m
[0mGET /ProgressBG-Front-End-Dev/pages/themes/beginners/JS_BasicSyntax_1/images/while_algorithm.png [33m404 [0m0.733 ms - 104[0m
[0mGET /ProgressBG-Front-End-Dev/pages/themes/beginners/JS_BasicSyntax_1/images/for_algorithm.png [33m404 [0m0.949 ms - 102[0m
[0mGET /ProgressBG-Front-End-Dev/pages/themes/beginners/JS_BasicSyntax_1/images/while_algorithm.png [33m404 [0m1.129 ms - 104[0m
[0mGET /ProgressBG-Front-End-Dev/pages/themes/beginners/JS_BasicSyntax_1/images/for_algorithm.png [33m404 [0m0.805 ms - 102[0m
[0mGET /ProgressBG-Front-End-Dev/pages/themes/beginners/JS_BasicSyntax_1/images/while_algorithm.png [33m404 [0m0.942 ms - 104[0m
[0mGET /ProgressBG-Front-End-Dev/pages/themes/beginners/JS_BasicSyntax_1/images/for_algorithm.png [33m404 [0m0.790 ms - 102[0m
[0mGET /ProgressBG-Front-End-Dev/pages/themes/beginners/JS_BasicSyntax_1/images/while_algorithm.png [33m404 [0m0.728 ms - 104[0m
[0mGET /ProgressBG-Front-End-Dev/pages/themes/beginners/JS_BasicSyntax_1/images/for_algorithm.png [33m404 [0m0.758 ms - 102[0m
[0mGET /ProgressBG-Front-End-Dev/pages/themes/beginners/JS_BasicSyntax_1/images/while_algorithm.png [33m404 [0m1.179 ms - 104[0m
[0mGET /ProgressBG-Front-End-Dev/pages/themes/beginners/JS_BasicSyntax_1/images/for_algorithm.png [33m404 [0m0.677 ms - 102[0m
[0mGET /ProgressBG-Front-End-Dev/pages/themes/beginners/JS_BasicSyntax_1/images/for_algorithm.png [33m404 [0m1.140 ms - 102[0m
[0mGET /ProgressBG-Front-End-Dev/pages/themes/beginners/JS_BasicSyntax_1/images/while_algorithm.png [33m404 [0m1.316 ms - 104[0m
[0mGET /ProgressBG-Front-End-Dev/pages/themes/beginners/JS_BasicSyntax_1/images/for_algorithm.png [33m404 [0m1.939 ms - 102[0m
[0mGET /ProgressBG-Front-End-Dev/pages/themes/beginners/JS_BasicSyntax_1/images/while_algorithm.png [33m404 [0m0.787 ms - 104[0m
[0mGET /ProgressBG-Front-End-Dev/pages/themes/beginners/JS_BasicSyntax_1/images/for_algorithm.png [33m404 [0m1.522 ms - 102[0m
[0mGET /ProgressBG-Front-End-Dev/pages/themes/beginners/JS_BasicSyntax_1/images/while_algorithm.png [33m404 [0m1.263 ms - 104[0m
[0mGET /ProgressBG-Front-End-Dev/pages/themes/beginners/JS_BasicSyntax_1/images/while_algorithm.png [33m404 [0m3.314 ms - 104[0m
[0mGET /ProgressBG-Front-End-Dev/pages/themes/beginners/JS_BasicSyntax_1/images/for_algorithm.png [33m404 [0m6.473 ms - 102[0m
[0mGET /ProgressBG-Front-End-Dev/pages/themes/beginners/JS_BasicSyntax_1/images/for_algorithm.png [33m404 [0m1.041 ms - 102[0m
[0mGET /ProgressBG-Front-End-Dev/pages/themes/beginners/JS_BasicSyntax_1/images/while_algorithm.png [33m404 [0m1.076 ms - 104[0m
[0mGET /ProgressBG-Front-End-Dev/pages/themes/beginners/JS_BasicSyntax_1/images/for_algorithm.png [33m404 [0m1.252 ms - 102[0m
[0mGET /ProgressBG-Front-End-Dev/pages/themes/beginners/JS_BasicSyntax_1/images/while_algorithm.png [33m404 [0m0.833 ms - 104[0m
[0mGET /ProgressBG-Front-End-Dev/pages/themes/beginners/JS_BasicSyntax_1/images/for_algorithm.png [33m404 [0m2.515 ms - 102[0m
[0mGET /ProgressBG-Front-End-Dev/pages/themes/beginners/JS_BasicSyntax_1/images/while_algorithm.png [33m404 [0m2.462 ms - 104[0m
[0mGET /ProgressBG-Front-End-Dev/pages/themes/beginners/JS_BasicSyntax_1/images/for_algorithm.png [33m404 [0m1.833 ms - 102[0m
[0mGET /ProgressBG-Front-End-Dev/pages/themes/beginners/JS_BasicSyntax_1/images/while_algorithm.png [33m404 [0m2.293 ms - 104[0m
[0mGET /ProgressBG-Front-End-Dev/pages/themes/beginners/JS_BasicSyntax_1/images/for_algorithm.png [33m404 [0m0.905 ms - 102[0m
[0mGET /ProgressBG-Front-End-Dev/pages/themes/beginners/JS_BasicSyntax_1/images/while_algorithm.png [33m404 [0m1.201 ms - 104[0m
[0mGET /ProgressBG-Front-End-Dev/pages/themes/beginners/JS_BasicSyntax_1/images/for_algorithm.png [33m404 [0m1.018 ms - 102[0m
[0mGET /ProgressBG-Front-End-Dev/pages/themes/beginners/JS_BasicSyntax_1/images/while_algorithm.png [33m404 [0m0.843 ms - 104[0m
[0mGET /ProgressBG-Front-End-Dev/pages/themes/beginners/JS_BasicSyntax_1/images/for_algorithm.png [33m404 [0m1.060 ms - 102[0m
[0mGET /ProgressBG-Front-End-Dev/pages/themes/beginners/JS_BasicSyntax_1/images/while_algorithm.png [33m404 [0m1.322 ms - 104[0m
[0mGET /ProgressBG-Front-End-Dev/pages/themes/beginners/JS_BasicSyntax_1/images/for_algorithm.png [33m404 [0m1.750 ms - 102[0m
[0mGET /ProgressBG-Front-End-Dev/pages/themes/beginners/JS_BasicSyntax_1/images/while_algorithm.png [33m404 [0m0.845 ms - 104[0m
[0mGET /ProgressBG-Front-End-Dev/pages/themes/beginners/JS_BasicSyntax_1/images/for_algorithm.png [33m404 [0m1.318 ms - 102[0m
[0mGET /ProgressBG-Front-End-Dev/pages/themes/beginners/JS_BasicSyntax_1/images/while_algorithm.png [33m404 [0m0.851 ms - 104[0m
[0mGET /ProgressBG-Front-End-Dev/pages/themes/beginners/JS_BasicSyntax_1/images/for_algorithm.png [33m404 [0m0.709 ms - 102[0m
[0mGET /ProgressBG-Front-End-Dev/pages/themes/beginners/JS_BasicSyntax_1/images/while_algorithm.png [33m404 [0m1.015 ms - 104[0m
[0mGET /ProgressBG-Front-End-Dev/pages/themes/beginners/JS_BasicSyntax_1/images/for_algorithm.png [33m404 [0m0.841 ms - 102[0m
[0mGET /ProgressBG-Front-End-Dev/pages/themes/beginners/JS_BasicSyntax_1/images/for_algorithm.png [33m404 [0m0.860 ms - 102[0m
[0mGET /ProgressBG-Front-End-Dev/pages/themes/beginners/JS_BasicSyntax_1/images/while_algorithm.png [33m404 [0m0.984 ms - 104[0m
[0mGET /ProgressBG-Front-End-Dev/pages/themes/beginners/JS_BasicSyntax_1/images/for_algorithm.png [33m404 [0m0.720 ms - 102[0m
[0mGET /ProgressBG-Front-End-Dev/pages/themes/beginners/JS_BasicSyntax_1/images/while_algorithm.png [33m404 [0m0.749 ms - 104[0m
[0mGET /ProgressBG-Front-End-Dev/pages/themes/beginners/JS_BasicSyntax_1/images/for_algorithm.png [33m404 [0m0.703 ms - 102[0m
[0mGET /ProgressBG-Front-End-Dev/pages/themes/beginners/JS_BasicSyntax_1/images/for_algorithm.png [33m404 [0m1.356 ms - 102[0m
[0mGET /ProgressBG-Front-End-Dev/pages/themes/beginners/JS_BasicSyntax_1/images/while_algorithm.png [33m404 [0m1.065 ms - 104[0m
[0mGET /ProgressBG-Front-End-Dev/pages/themes/beginners/JS_BasicSyntax_1/images/for_algorithm.png [33m404 [0m0.882 ms - 102[0m
[0mGET /ProgressBG-Front-End-Dev/pages/themes/beginners/JS_BasicSyntax_1/images/while_algorithm.png [33m404 [0m0.660 ms - 104[0m
[0mGET /ProgressBG-Front-End-Dev/pages/themes/beginners/JS_BasicSyntax_1/images/for_algorithm.png [33m404 [0m3.845 ms - 102[0m
[0mGET /ProgressBG-Front-End-Dev/pages/themes/beginners/JS_BasicSyntax_1/images/while_algorithm.png [33m404 [0m3.906 ms - 104[0m
[0mGET /ProgressBG-Front-End-Dev/pages/themes/beginners/JS_BasicSyntax_1/images/for_algorithm.png [33m404 [0m1.614 ms - 102[0m
[0mGET /ProgressBG-Front-End-Dev/pages/themes/beginners/JS_BasicSyntax_1/images/while_algorithm.png [33m404 [0m1.207 ms - 104[0m
[0mGET /ProgressBG-Front-End-Dev/pages/themes/beginners/JS_BasicSyntax_1/images/for_algorithm.png [33m404 [0m6.010 ms - 102[0m
[0mGET /ProgressBG-Front-End-Dev/pages/themes/beginners/JS_BasicSyntax_1/images/while_algorithm.png [33m404 [0m1.320 ms - 104[0m
[0mGET /ProgressBG-Front-End-Dev/pages/themes/beginners/JS_BasicSyntax_1/images/for_algorithm.png [33m404 [0m1.762 ms - 102[0m
[0mGET /ProgressBG-Front-End-Dev/pages/themes/beginners/JS_BasicSyntax_1/images/for_algorithm.png [33m404 [0m7.244 ms - 102[0m
[0mGET /ProgressBG-Front-End-Dev/pages/themes/beginners/JS_BasicSyntax_1/images/while_algorithm.png [33m404 [0m7.091 ms - 104[0m
[0mGET /ProgressBG-Front-End-Dev/pages/themes/beginners/JS_BasicSyntax_1/images/for_algorithm.png [33m404 [0m0.704 ms - 102[0m
[0mGET /ProgressBG-Front-End-Dev/pages/themes/beginners/JS_BasicSyntax_1/images/while_algorithm.png [33m404 [0m1.194 ms - 104[0m
[0mGET /ProgressBG-Front-End-Dev/pages/themes/beginners/JS_BasicSyntax_1/images/for_algorithm.png [33m404 [0m1.518 ms - 102[0m
[0mGET /ProgressBG-Front-End-Dev/pages/themes/beginners/JS_BasicSyntax_1/images/while_algorithm.png [33m404 [0m0.701 ms - 104[0m
[0mGET /ProgressBG-Front-End-Dev/pages/themes/beginners/JS_BasicSyntax_1/images/for_algorithm.png [33m404 [0m1.029 ms - 102[0m
[0mGET /ProgressBG-Front-End-Dev/pages/themes/beginners/JS_BasicSyntax_1/images/while_algorithm.png [33m404 [0m1.280 ms - 104[0m
[0mGET /ProgressBG-Front-End-Dev/pages/themes/beginners/JS_BasicSyntax_1/images/for_algorithm.png [33m404 [0m0.891 ms - 102[0m
[0mGET /ProgressBG-Front-End-Dev/pages/themes/beginners/JS_BasicSyntax_1/images/while_algorithm.png [33m404 [0m0.606 ms - 104[0m
[0mGET /ProgressBG-Front-End-Dev/pages/themes/beginners/JS_BasicSyntax_1/images/for_algorithm.png [33m404 [0m1.912 ms - 102[0m
[0mGET /ProgressBG-Front-End-Dev/pages/themes/beginners/JS_BasicSyntax_1/images/while_algorithm.png [33m404 [0m1.138 ms - 104[0m
[0mGET /ProgressBG-Front-End-Dev/pages/themes/beginners/JS_BasicSyntax_1/images/for_algorithm.png [33m404 [0m0.668 ms - 102[0m
[0mGET /ProgressBG-Front-End-Dev/pages/themes/beginners/JS_BasicSyntax_1/images/while_algorithm.png [33m404 [0m0.597 ms - 104[0m
[0mGET /ProgressBG-Front-End-Dev/pages/themes/beginners/JS_BasicSyntax_1/images/for_algorithm.png [33m404 [0m1.455 ms - 102[0m
[0mGET /ProgressBG-Front-End-Dev/pages/themes/beginners/JS_BasicSyntax_1/images/while_algorithm.png [33m404 [0m1.384 ms - 104[0m
[0mGET /ProgressBG-Front-End-Dev/pages/themes/beginners/JS_BasicSyntax_1/images/for_algorithm.png [33m404 [0m1.180 ms - 102[0m
[0mGET /ProgressBG-Front-End-Dev/pages/themes/beginners/JS_BasicSyntax_1/images/while_algorithm.png [33m404 [0m0.730 ms - 104[0m
[0mGET /ProgressBG-Front-End-Dev/pages/themes/beginners/JS_BasicSyntax_1/images/for_algorithm.png [33m404 [0m0.716 ms - 102[0m
[0mGET /ProgressBG-Front-End-Dev/pages/themes/beginners/JS_BasicSyntax_1/images/while_algorithm.png [33m404 [0m0.683 ms - 104[0m
[0mGET /ProgressBG-Front-End-Dev/pages/themes/beginners/JS_BasicSyntax_1/images/for_algorithm.png [33m404 [0m1.879 ms - 102[0m
[0mGET /ProgressBG-Front-End-Dev/pages/themes/beginners/JS_BasicSyntax_1/images/for_algorithm.png [33m404 [0m0.877 ms - 102[0m
[0mGET /ProgressBG-Front-End-Dev/pages/themes/beginners/JS_BasicSyntax_1/images/while_algorithm.png [33m404 [0m0.702 ms - 104[0m
[0mGET /ProgressBG-Front-End-Dev/pages/themes/beginners/JS_BasicSyntax_1/images/for_algorithm.png [33m404 [0m1.255 ms - 102[0m
[0mGET /ProgressBG-Front-End-Dev/pages/themes/beginners/JS_BasicSyntax_1/images/while_algorithm.png [33m404 [0m1.276 ms - 104[0m
[0mGET /favicon.ico [33m404 [0m0.673 ms - 24[0m
[0mGET /ProgressBG-Front-End-Dev/pages/themes/beginners/JS_BasicSyntax_1/images/for_algorithm.png [33m404 [0m1.384 ms - 102[0m
[0mGET /ProgressBG-Front-End-Dev/pages/themes/beginners/JS_BasicSyntax_1/images/while_algorithm.png [33m404 [0m0.824 ms - 104[0m
[0mGET /ProgressBG-Front-End-Dev/pages/themes/beginners/JS_BasicSyntax_1/images/for_algorithm.png [33m404 [0m1.155 ms - 102[0m
[0mGET /ProgressBG-Front-End-Dev/pages/themes/beginners/JS_BasicSyntax_1/images/while_algorithm.png [33m404 [0m0.912 ms - 104[0m
[0mGET /ProgressBG-Front-End-Dev/pages/themes/beginners/JS_BasicSyntax_1/images/for_algorithm.png [33m404 [0m2.959 ms - 102[0m
[0mGET /ProgressBG-Front-End-Dev/pages/themes/beginners/JS_BasicSyntax_1/images/while_algorithm.png [33m404 [0m3.023 ms - 104[0m
[0mGET /ProgressBG-Front-End-Dev/pages/themes/beginners/JS_BasicSyntax_1/images/for_algorithm.png [33m404 [0m1.530 ms - 102[0m
[0mGET /ProgressBG-Front-End-Dev/pages/themes/beginners/JS_BasicSyntax_1/images/while_algorithm.png [33m404 [0m1.745 ms - 104[0m
[0mGET /ProgressBG-Front-End-Dev/pages/themes/beginners/JS_BasicSyntax_1/images/for_algorithm.png [33m404 [0m1.210 ms - 102[0m
[0mGET /ProgressBG-Front-End-Dev/pages/themes/beginners/JS_BasicSyntax_1/images/while_algorithm.png [33m404 [0m1.665 ms - 104[0m
[0mGET /ProgressBG-Front-End-Dev/pages/themes/beginners/JS_BasicSyntax_1/images/for_algorithm.png [33m404 [0m0.877 ms - 102[0m
[0mGET /ProgressBG-Front-End-Dev/pages/themes/beginners/JS_BasicSyntax_1/images/while_algorithm.png [33m404 [0m1.056 ms - 104[0m
[0mGET /ProgressBG-Front-End-Dev/pages/themes/beginners/JS_BasicSyntax_1/images/for_algorithm.png [33m404 [0m0.963 ms - 102[0m
[0mGET /ProgressBG-Front-End-Dev/pages/themes/beginners/JS_BasicSyntax_1/images/while_algorithm.png [33m404 [0m0.701 ms - 104[0m
[0mGET /ProgressBG-Front-End-Dev/pages/themes/beginners/JS_BasicSyntax_1/images/for_algorithm.png [33m404 [0m1.422 ms - 102[0m
[0mGET /ProgressBG-Front-End-Dev/pages/themes/beginners/JS_BasicSyntax_1/images/while_algorithm.png [33m404 [0m1.950 ms - 104[0m
[0mGET /favicon.ico [33m404 [0m0.752 ms - 24[0m
[0mGET /favicon.ico [33m404 [0m0.807 ms - 24[0m
[0mGET /favicon.ico [33m404 [0m1.810 ms - 24[0m
[0mGET /ProgressBG-Front-End-Dev/pages/themes/beginners/CSS_Animations_and_Visual_Effects/slides_examples/css/shadows.css [33m404 [0m4.752 ms - 126[0m
[0mGET /ProgressBG-Front-End-Dev/pages/themes/beginners/CSS_Animations_and_Visual_Effects/slides_examples/css/shadows.css [33m404 [0m1.521 ms - 126[0m
